<?xml version="1.0" encoding="UTF-8"?>
<testng-results ignored="0" total="1" passed="1" failed="0" skipped="0">
  <reporter-output>
  </reporter-output>
  <suite started-at="2021-01-28T11:29:40 IST" name="Default suite" finished-at="2021-01-28T11:29:51 IST" duration-ms="10955">
    <groups>
    </groups>
    <test started-at="2021-01-28T11:29:40 IST" name="Default test" finished-at="2021-01-28T11:29:51 IST" duration-ms="10955">
      <class name="com.wca.alerts.AlertTest">
        <test-method signature="TestAlert()[pri:0, instance:com.wca.alerts.AlertTest@fd07cbb]" started-at="2021-01-28T11:29:40 IST" name="TestAlert" finished-at="2021-01-28T11:29:51 IST" duration-ms="10916" status="PASS">
          <reporter-output>
          </reporter-output>
        </test-method> <!-- TestAlert -->
      </class> <!-- com.wca.alerts.AlertTest -->
    </test> <!-- Default test -->
  </suite> <!-- Default suite -->
</testng-results>
